<?xml version="1.0" encoding="UTF-8"?>
<!-- Generated by org.testng.reporters.JUnitReportReporter -->
<testsuite hostname="LP-5CG1369SGK" failures="0" tests="1" name="com.netbank.Testcases.netbank_testcases" time="14.881" errors="0" timestamp="2022-11-24T18:42:27 IST" skipped="0">
  <testcase classname="com.netbank.Testcases.netbank_testcases" name="LoginTest" time="14.881"/>
  <system-out/>
</testsuite> <!-- com.netbank.Testcases.netbank_testcases -->
