<?xml version="1.0" encoding="UTF-8"?>
<!-- Generated by org.testng.reporters.JUnitReportReporter -->
<testsuite hostname="LP-5CG1369SGK" failures="0" tests="1" name="Test.Demo_Test" time="6.101" errors="0" timestamp="2022-11-23T17:56:58 IST" skipped="0">
  <testcase classname="Test.Demo_Test" name="demo" time="6.101"/>
  <system-out/>
</testsuite> <!-- Test.Demo_Test -->
